#
# A fatal error has been detected by the Java Runtime Environment:
#
#  Internal Error (safepoint.cpp:314), pid=2187, tid=0x0000004015c70b20
#  guarantee(PageArmed == 0) failed: invariant
#
# JRE version: OpenJDK Runtime Environment (8.0_242-b08) (build 1.8.0_242-b08)
# Java VM: OpenJDK 64-Bit Server VM (25.242-b08 mixed mode linux-amd64 compressed oops)
# Derivative: IcedTea 3.15.0
# Distribution: Custom build (Wed Jan 29 10:50:51 UTC 2020)
# Failed to write core dump. Core dumps have been disabled. To enable core dumping, try "ulimit -c unlimited" before starting Java again
#
# If you would like to submit a bug report, please include
# instructions on how to reproduce the bug and visit:
#   https://icedtea.classpath.org/bugzilla
#

---------------  T H R E A D  ---------------

Current thread (0x0000004000169000):  VMThread [stack: 0x0000004015b70000,0x0000004015c70ae0] [id=2234]

Stack: [0x0000004015b70000,0x0000004015c70ae0]

---------------  P R O C E S S  ---------------

Java Threads: ( => current thread )
  0x000000400022c000 JavaThread "Service Thread" daemon [_thread_blocked, id=2241, stack(0x000000401627a000,0x000000401637aae0)]
  0x00000040001e4000 JavaThread "C1 CompilerThread2" daemon [_thread_blocked, id=2240, stack(0x0000004016179000,0x0000004016279ae0)]
  0x00000040001a6000 JavaThread "C2 CompilerThread1" daemon [_thread_blocked, id=2239, stack(0x0000004016077000,0x0000004016177ae0)]
  0x00000040001a3000 JavaThread "C2 CompilerThread0" daemon [_thread_blocked, id=2238, stack(0x0000004015f75000,0x0000004016075ae0)]
  0x00000040001c2800 JavaThread "Signal Dispatcher" daemon [_thread_blocked, id=2237, stack(0x0000004015e73000,0x0000004015f73ae0)]
  0x0000004000176800 JavaThread "Finalizer" daemon [_thread_blocked, id=2236, stack(0x0000004015d72000,0x0000004015e72ae0)]
  0x0000004000173800 JavaThread "Reference Handler" daemon [_thread_blocked, id=2235, stack(0x0000004015c71000,0x0000004015d71ae0)]
  0x0000004000022800 JavaThread "main" [_thread_in_Java, id=2229, stack(0x00000040022e8000,0x00000040023e8ae0)]

Other Threads:
=>0x0000004000169000 VMThread [stack: 0x0000004015b70000,0x0000004015c70ae0] [id=2234]
  0x00000040001aa800 WatcherThread [stack: 0x000000401637c000,0x000000401647cae0] [id=2242]

VM state:synchronizing (normal execution)

VM Mutex/Monitor currently owned by a thread:  ([mutex/lock_event])
[0x0000004000020ae0] Safepoint_lock - owner thread: 0x0000004000169000
[0x0000004000020b80] Threads_lock - owner thread: 0x0000004000169000

heap address: 0x00000000c0000000, size: 1024 MB, Compressed Oops mode: 32-bit
Narrow klass base: 0x0000000000000000, Narrow klass shift: 3
Compressed class space size: 1073741824 Address: 0x0000000100000000

Heap:
 PSYoungGen      total 68608K, used 36505K [0x00000000eab00000, 0x00000000ef300000, 0x0000000100000000)
  eden space 63488K, 50% used [0x00000000eab00000,0x00000000eca14180,0x00000000ee900000)
  from space 5120K, 91% used [0x00000000eee00000,0x00000000ef292540,0x00000000ef300000)
  to   space 5120K, 0% used [0x00000000ee900000,0x00000000ee900000,0x00000000eee00000)
 ParOldGen       total 84992K, used 215K [0x00000000c0000000, 0x00000000c5300000, 0x00000000eab00000)
  object space 84992K, 0% used [0x00000000c0000000,0x00000000c0035f88,0x00000000c5300000)
 Metaspace       used 14735K, capacity 14784K, committed 15104K, reserved 1062912K
  class space    used 1941K, capacity 1968K, committed 2048K, reserved 1048576K

Card table byte_map: [0x00000040117fe000,0x00000040119ff000] byte_map_base: 0x00000040111fe000

Marking Bits: (ParMarkBitMap*) 0x00000040021601a0
 Begin Bits: [0x0000004011f5d000, 0x0000004012f5d000)
 End Bits:   [0x0000004012f5d000, 0x0000004013f5d000)

Polling page: 0x0000004002429000

CodeCache: size=245760Kb used=3528Kb max_used=3540Kb free=242231Kb
 bounds [0x000000400243e000, 0x00000040027be000, 0x000000401143e000]
 total_blobs=1220 nmethods=883 adapters=253
 compilation: enabled

Compilation events (10 events):
Event: 7.571 Thread 0x00000040001e4000  835       1       org.apache.ivy.core.module.id.ModuleRevisionId::getBranch (5 bytes)
Event: 7.571 Thread 0x00000040001e4000 nmethod 835 0x00000040027b1f10 code [0x00000040027b2060, 0x00000040027b2170]
Event: 7.571 Thread 0x00000040001e4000  833       1       org.apache.ivy.core.module.id.ModuleRevisionId::getRevision (5 bytes)
Event: 7.572 Thread 0x00000040001e4000 nmethod 833 0x00000040027b21d0 code [0x00000040027b2320, 0x00000040027b2430]
Event: 7.572 Thread 0x00000040001e4000  857       1       org.apache.ivy.util.extendable.UnmodifiableExtendableItem::getQualifiedExtraAttributes (5 bytes)
Event: 7.572 Thread 0x00000040001e4000 nmethod 857 0x00000040027b2490 code [0x00000040027b25e0, 0x00000040027b26f0]
Event: 7.576 Thread 0x00000040001a6000 nmethod 854 0x00000040027b48d0 code [0x00000040027b4aa0, 0x00000040027b5508]
Event: 7.576 Thread 0x00000040001a6000  886       4       org.apache.xerces.util.XMLAttributesImpl::getName (14 bytes)
Event: 7.580 Thread 0x00000040001a6000 nmethod 886 0x00000040027b2d10 code [0x00000040027b2e60, 0x00000040027b2f78]
Event: 7.634 Thread 0x00000040001a3000 nmethod 887 0x00000040027b3e10 code [0x00000040027b3fa0, 0x00000040027b44a8]

GC Heap History (4 events):
Event: 4.115 GC heap before
{Heap before GC invocations=1 (full 0):
 PSYoungGen      total 36864K, used 31744K [0x00000000eab00000, 0x00000000ed400000, 0x0000000100000000)
  eden space 31744K, 100% used [0x00000000eab00000,0x00000000eca00000,0x00000000eca00000)
  from space 5120K, 0% used [0x00000000ecf00000,0x00000000ecf00000,0x00000000ed400000)
  to   space 5120K, 0% used [0x00000000eca00000,0x00000000eca00000,0x00000000ecf00000)
 ParOldGen       total 84992K, used 0K [0x00000000c0000000, 0x00000000c5300000, 0x00000000eab00000)
  object space 84992K, 0% used [0x00000000c0000000,0x00000000c0000000,0x00000000c5300000)
 Metaspace       used 9088K, capacity 9216K, committed 9472K, reserved 1056768K
  class space    used 1173K, capacity 1200K, committed 1280K, reserved 1048576K
Event: 4.170 GC heap after
Heap after GC invocations=1 (full 0):
 PSYoungGen      total 36864K, used 5096K [0x00000000eab00000, 0x00000000ef300000, 0x0000000100000000)
  eden space 31744K, 0% used [0x00000000eab00000,0x00000000eab00000,0x00000000eca00000)
  from space 5120K, 99% used [0x00000000eca00000,0x00000000ecefa180,0x00000000ecf00000)
  to   space 5120K, 0% used [0x00000000eee00000,0x00000000eee00000,0x00000000ef300000)
 ParOldGen       total 84992K, used 207K [0x00000000c0000000, 0x00000000c5300000, 0x00000000eab00000)
  object space 84992K, 0% used [0x00000000c0000000,0x00000000c0033f88,0x00000000c5300000)
 Metaspace       used 9088K, capacity 9216K, committed 9472K, reserved 1056768K
  class space    used 1173K, capacity 1200K, committed 1280K, reserved 1048576K
}
Event: 5.683 GC heap before
{Heap before GC invocations=2 (full 0):
 PSYoungGen      total 36864K, used 36840K [0x00000000eab00000, 0x00000000ef300000, 0x0000000100000000)
  eden space 31744K, 100% used [0x00000000eab00000,0x00000000eca00000,0x00000000eca00000)
  from space 5120K, 99% used [0x00000000eca00000,0x00000000ecefa180,0x00000000ecf00000)
  to   space 5120K, 0% used [0x00000000eee00000,0x00000000eee00000,0x00000000ef300000)
 ParOldGen       total 84992K, used 207K [0x00000000c0000000, 0x00000000c5300000, 0x00000000eab00000)
  object space 84992K, 0% used [0x00000000c0000000,0x00000000c0033f88,0x00000000c5300000)
 Metaspace       used 12596K, capacity 12672K, committed 12800K, reserved 1060864K
  class space    used 1680K, capacity 1712K, committed 1792K, reserved 1048576K
Event: 5.726 GC heap after
Heap after GC invocations=2 (full 0):
 PSYoungGen      total 68608K, used 4681K [0x00000000eab00000, 0x00000000ef300000, 0x0000000100000000)
  eden space 63488K, 0% used [0x00000000eab00000,0x00000000eab00000,0x00000000ee900000)
  from space 5120K, 91% used [0x00000000eee00000,0x00000000ef292540,0x00000000ef300000)
  to   space 5120K, 0% used [0x00000000ee900000,0x00000000ee900000,0x00000000eee00000)
 ParOldGen       total 84992K, used 215K [0x00000000c0000000, 0x00000000c5300000, 0x00000000eab00000)
  object space 84992K, 0% used [0x00000000c0000000,0x00000000c0035f88,0x00000000c5300000)
 Metaspace       used 12596K, capacity 12672K, committed 12800K, reserved 1060864K
  class space    used 1680K, capacity 1712K, committed 1792K, reserved 1048576K
}

Deoptimization events (8 events):
Event: 1.003 Thread 0x0000004000022800 Uncommon trap: reason=unstable_if action=reinterpret pc=0x000000400254dd44 method=java.lang.String.indexOf(II)I @ 49
Event: 3.245 Thread 0x0000004000022800 Uncommon trap: reason=unstable_if action=reinterpret pc=0x00000040025dec8c method=java.lang.String.indexOf([CII[CIII)I @ 134
Event: 3.702 Thread 0x0000004000022800 Uncommon trap: reason=unstable_if action=reinterpret pc=0x0000004002678d38 method=sun.misc.MetaIndex.mayContain(Ljava/lang/String;)Z @ 13
Event: 3.713 Thread 0x0000004000022800 Uncommon trap: reason=unstable_if action=reinterpret pc=0x000000400261eeac method=java.lang.AbstractStringBuilder.append(Ljava/lang/String;)Ljava/lang/AbstractStringBuilder; @ 1
Event: 5.278 Thread 0x0000004000022800 Uncommon trap: reason=unstable_if action=reinterpret pc=0x00000040026c5414 method=java.util.regex.Pattern$Slice.match(Ljava/util/regex/Matcher;ILjava/lang/CharSequence;)Z @ 54
Event: 5.352 Thread 0x0000004000022800 Uncommon trap: reason=unstable_if action=reinterpret pc=0x0000004002660834 method=java.lang.AbstractStringBuilder.append(Ljava/lang/String;)Ljava/lang/AbstractStringBuilder; @ 1
Event: 6.135 Thread 0x0000004000022800 Uncommon trap: reason=unstable_if action=reinterpret pc=0x00000040026c7b38 method=java.util.HashMap.hash(Ljava/lang/Object;)I @ 1
Event: 6.156 Thread 0x0000004000022800 Uncommon trap: reason=unstable_if action=reinterpret pc=0x00000040026e2828 method=java.util.HashMap.hash(Ljava/lang/Object;)I @ 1

Classes redefined (0 events):
No events

Internal exceptions (10 events):
Event: 4.081 Thread 0x0000004000022800 Exception <a 'java/lang/ClassNotFoundException': org/apache/log4j/ConsoleAppenderBeanInfo> (0x00000000ec9531d0) thrown at [/home/buildozer/aports/community/openjdk8/src/icedtea-3.15.0/openjdk/hotspot/src/share/vm/classfile/systemDictionary.cpp, line 210]
Event: 4.092 Thread 0x0000004000022800 Exception <a 'java/lang/ClassNotFoundException': org/apache/log4j/WriterAppenderBeanInfo> (0x00000000ec97a6e0) thrown at [/home/buildozer/aports/community/openjdk8/src/icedtea-3.15.0/openjdk/hotspot/src/share/vm/classfile/systemDictionary.cpp, line 210]
Event: 4.093 Thread 0x0000004000022800 Exception <a 'java/lang/ClassNotFoundException': org/apache/log4j/AppenderSkeletonBeanInfo> (0x00000000ec9a2ca0) thrown at [/home/buildozer/aports/community/openjdk8/src/icedtea-3.15.0/openjdk/hotspot/src/share/vm/classfile/systemDictionary.cpp, line 210]
Event: 4.095 Thread 0x0000004000022800 Exception <a 'java/lang/ClassNotFoundException': org/apache/log4j/AppenderSkeletonCustomizer> (0x00000000ec9cdd10) thrown at [/home/buildozer/aports/community/openjdk8/src/icedtea-3.15.0/openjdk/hotspot/src/share/vm/classfile/systemDictionary.cpp, line 21
Event: 4.185 Thread 0x0000004000022800 Exception <a 'java/lang/ClassNotFoundException': org/apache/log4j/WriterAppenderCustomizer> (0x00000000eab09768) thrown at [/home/buildozer/aports/community/openjdk8/src/icedtea-3.15.0/openjdk/hotspot/src/share/vm/classfile/systemDictionary.cpp, line 210]
Event: 4.220 Thread 0x0000004000022800 Exception <a 'java/lang/ClassNotFoundException': org/apache/log4j/ConsoleAppenderCustomizer> (0x00000000eab3dbf8) thrown at [/home/buildozer/aports/community/openjdk8/src/icedtea-3.15.0/openjdk/hotspot/src/share/vm/classfile/systemDictionary.cpp, line 210
Event: 5.035 Thread 0x0000004000022800 Exception <a 'java/io/FileNotFoundException'> (0x00000000eba8a770) thrown at [/home/buildozer/aports/community/openjdk8/src/icedtea-3.15.0/openjdk/hotspot/src/share/vm/prims/jni.cpp, line 710]
Event: 5.351 Thread 0x0000004000022800 Implicit null exception at 0x0000004002660475 to 0x0000004002660821
Event: 6.135 Thread 0x0000004000022800 Implicit null exception at 0x00000040026c78f5 to 0x00000040026c7b29
Event: 6.156 Thread 0x0000004000022800 Implicit null exception at 0x00000040026e27af to 0x00000040026e2819

Events (10 events):
Event: 7.198 loading class java/text/CalendarBuilder
Event: 7.199 loading class java/text/CalendarBuilder done
Event: 7.200 loading class org/apache/ivy/core/module/descriptor/License
Event: 7.200 loading class org/apache/ivy/core/module/descriptor/License done
Event: 7.229 loading class org/apache/ivy/core/module/descriptor/DependencyArtifactDescriptor
Event: 7.229 loading class org/apache/ivy/core/module/descriptor/DependencyArtifactDescriptor done
Event: 7.241 loading class org/apache/ivy/core/module/descriptor/IncludeRule
Event: 7.241 loading class org/apache/ivy/core/module/descriptor/IncludeRule done
Event: 7.256 loading class org/apache/ivy/core/module/descriptor/DefaultDependencyArtifactDescriptor
Event: 7.256 loading class org/apache/ivy/core/module/descriptor/DefaultDependencyArtifactDescriptor done


Dynamic libraries:
00200000-002b5000 r--p 00000000 fe:01 2097179                            /usr/bin/qemu-x86_64
002c4000-00461000 r-xp 000b4000 fe:01 2097179                            /usr/bin/qemu-x86_64
00470000-004ab000 rw-p 00250000 fe:01 2097179                            /usr/bin/qemu-x86_64
004ba000-004cf000 rw-p 0028a000 fe:01 2097179                            /usr/bin/qemu-x86_64
004cf000-004ef000 rw-p 00000000 00:00 0 
199bc000-199bd000 ---p 00000000 00:00 0                                  [heap]
199bd000-199cb000 rw-p 00000000 00:00 0                                  [heap]
c0000000-c5300000 rw-p 00000000 00:00 0 
c5300000-eab00000 ---p 00000000 00:00 0 
eab00000-ef300000 rw-p 00000000 00:00 0 
ef300000-100000000 ---p 00000000 00:00 0 
100000000-100200000 rw-p 00000000 00:00 0 
100200000-140000000 ---p 00000000 00:00 0 
4000000000-4000001000 r--p 00000000 fe:01 3023419                        /usr/lib/jvm/java-1.8-openjdk/jre/bin/java
4000001000-4000002000 r--p 00001000 fe:01 3023419                        /usr/lib/jvm/java-1.8-openjdk/jre/bin/java
4000002000-4000003000 r--p 00002000 fe:01 3023419                        /usr/lib/jvm/java-1.8-openjdk/jre/bin/java
4000003000-4000004000 r--p 00002000 fe:01 3023419                        /usr/lib/jvm/java-1.8-openjdk/jre/bin/java
4000004000-4000005000 rw-p 00003000 fe:01 3023419                        /usr/lib/jvm/java-1.8-openjdk/jre/bin/java
4000005000-4001005000 rw-p 00000000 00:00 0 
4001005000-4001006000 ---p 00000000 00:00 0 
4001006000-4001806000 rw-p 00000000 00:00 0 
4001806000-400181b000 r--p 00000000 fe:01 2884028                        /lib/ld-musl-x86_64.so.1
400181b000-4001861000 r--p 00015000 fe:01 2884028                        /lib/ld-musl-x86_64.so.1
4001861000-4001893000 r--p 0005b000 fe:01 2884028                        /lib/ld-musl-x86_64.so.1
4001893000-4001894000 r--p 0008c000 fe:01 2884028                        /lib/ld-musl-x86_64.so.1
4001894000-4001895000 rw-p 0008d000 fe:01 2884028                        /lib/ld-musl-x86_64.so.1
4001895000-400189a000 rw-p 00000000 00:00 0 
400189a000-400189c000 r--p 00000000 fe:01 3023433                        /usr/lib/jvm/java-1.8-openjdk/jre/lib/amd64/jli/libjli.so
400189c000-40018a4000 r--p 00002000 fe:01 3023433                        /usr/lib/jvm/java-1.8-openjdk/jre/lib/amd64/jli/libjli.so
40018a4000-40018a7000 r--p 0000a000 fe:01 3023433                        /usr/lib/jvm/java-1.8-openjdk/jre/lib/amd64/jli/libjli.so
40018a7000-40018a8000 r--p 0000d000 fe:01 3023433                        /usr/lib/jvm/java-1.8-openjdk/jre/lib/amd64/jli/libjli.so
40018a8000-40018a9000 r--p 0000d000 fe:01 3023433                        /usr/lib/jvm/java-1.8-openjdk/jre/lib/amd64/jli/libjli.so
40018a9000-40018aa000 rw-p 0000e000 fe:01 3023433                        /usr/lib/jvm/java-1.8-openjdk/jre/lib/amd64/jli/libjli.so
40018aa000-40018ad000 r--p 00000000 fe:01 2884033                        /lib/libz.so.1.2.11
40018ad000-40018bb000 r--p 00003000 fe:01 2884033                        /lib/libz.so.1.2.11
40018bb000-40018c2000 r--p 00011000 fe:01 2884033                        /lib/libz.so.1.2.11
40018c2000-40018c3000 r--p 00017000 fe:01 2884033                        /lib/libz.so.1.2.11
40018c3000-40018c4000 rw-p 00018000 fe:01 2884033                        /lib/libz.so.1.2.11
40018c4000-4001ab8000 r--p 00000000 fe:01 3023472                        /usr/lib/jvm/java-1.8-openjdk/jre/lib/amd64/server/libjvm.so
4001ab8000-4001ec8000 r--p 001f4000 fe:01 3023472                        /usr/lib/jvm/java-1.8-openjdk/jre/lib/amd64/server/libjvm.so
4001ec8000-400208d000 r--p 00604000 fe:01 3023472                        /usr/lib/jvm/java-1.8-openjdk/jre/lib/amd64/server/libjvm.so
400208d000-400208e000 r--p 007c9000 fe:01 3023472                        /usr/lib/jvm/java-1.8-openjdk/jre/lib/amd64/server/libjvm.so
400208e000-4002124000 r--p 007c9000 fe:01 3023472                        /usr/lib/jvm/java-1.8-openjdk/jre/lib/amd64/server/libjvm.so
4002124000-400214c000 rw-p 0085f000 fe:01 3023472                        /usr/lib/jvm/java-1.8-openjdk/jre/lib/amd64/server/libjvm.so
400214c000-400217d000 rw-p 00000000 00:00 0 
400217d000-4002219000 r--p 00000000 fe:01 3023674                        /usr/lib/libstdc++.so.6.0.25
4002219000-4002287000 r--p 0009c000 fe:01 3023674                        /usr/lib/libstdc++.so.6.0.25
4002287000-40022bf000 r--p 0010a000 fe:01 3023674                        /usr/lib/libstdc++.so.6.0.25
40022bf000-40022c0000 r--p 00142000 fe:01 3023674                        /usr/lib/libstdc++.so.6.0.25
40022c0000-40022ce000 r--p 00142000 fe:01 3023674                        /usr/lib/libstdc++.so.6.0.25
40022ce000-40022cf000 rw-p 00150000 fe:01 3023674                        /usr/lib/libstdc++.so.6.0.25
40022cf000-40022d2000 rw-p 00000000 00:00 0 
40022d2000-40022d5000 r--p 00000000 fe:01 3023595                        /usr/lib/libgcc_s.so.1
40022d5000-40022e1000 r--p 00003000 fe:01 3023595                        /usr/lib/libgcc_s.so.1
40022e1000-40022e4000 r--p 0000f000 fe:01 3023595                        /usr/lib/libgcc_s.so.1
40022e4000-40022e5000 r--p 00011000 fe:01 3023595                        /usr/lib/libgcc_s.so.1
40022e5000-40022e6000 rw-p 00012000 fe:01 3023595                        /usr/lib/libgcc_s.so.1
40022e6000-40022e8000 ---p 00000000 00:00 0 
40022e8000-40022eb000 ---p 00000000 00:00 0 
40022eb000-40023e9000 rw-p 00000000 00:00 0 
40023e9000-40023ee000 r--p 00000000 fe:01 3023467                        /usr/lib/jvm/java-1.8-openjdk/jre/lib/amd64/libverify.so
40023ee000-40023f5000 r--p 00005000 fe:01 3023467                        /usr/lib/jvm/java-1.8-openjdk/jre/lib/amd64/libverify.so
40023f5000-40023f8000 r--p 0000c000 fe:01 3023467                        /usr/lib/jvm/java-1.8-openjdk/jre/lib/amd64/libverify.so
40023f8000-40023fa000 r--p 0000e000 fe:01 3023467                        /usr/lib/jvm/java-1.8-openjdk/jre/lib/amd64/libverify.so
40023fa000-40023fb000 rw-p 00010000 fe:01 3023467                        /usr/lib/jvm/java-1.8-openjdk/jre/lib/amd64/libverify.so
40023fb000-4002408000 r--p 00000000 fe:01 3023449                        /usr/lib/jvm/java-1.8-openjdk/jre/lib/amd64/libjava.so
4002408000-400241e000 r--p 0000d000 fe:01 3023449                        /usr/lib/jvm/java-1.8-openjdk/jre/lib/amd64/libjava.so
400241e000-4002425000 r--p 00023000 fe:01 3023449                        /usr/lib/jvm/java-1.8-openjdk/jre/lib/amd64/libjava.so
4002425000-4002426000 r--p 0002a000 fe:01 3023449                        /usr/lib/jvm/java-1.8-openjdk/jre/lib/amd64/libjava.so
4002426000-4002427000 r--p 0002a000 fe:01 3023449                        /usr/lib/jvm/java-1.8-openjdk/jre/lib/amd64/libjava.so
4002427000-4002428000 rw-p 0002b000 fe:01 3023449                        /usr/lib/jvm/java-1.8-openjdk/jre/lib/amd64/libjava.so
4002428000-4002429000 rw-p 00000000 00:00 0 
4002429000-400242a000 ---p 00000000 00:00 0 
400242a000-400242b000 rw-p 00000000 00:00 0 
400242b000-4002433000 rw-s 00000000 fe:01 3278271                        /tmp/hsperfdata_root/2187
4002433000-4002436000 r--p 00000000 fe:01 3023468                        /usr/lib/jvm/java-1.8-openjdk/jre/lib/amd64/libzip.so
4002436000-400243a000 r--p 00003000 fe:01 3023468                        /usr/lib/jvm/java-1.8-openjdk/jre/lib/amd64/libzip.so
400243a000-400243c000 r--p 00007000 fe:01 3023468                        /usr/lib/jvm/java-1.8-openjdk/jre/lib/amd64/libzip.so
400243c000-400243d000 r--p 00008000 fe:01 3023468                        /usr/lib/jvm/java-1.8-openjdk/jre/lib/amd64/libzip.so
400243d000-400243e000 rw-p 00009000 fe:01 3023468                        /usr/lib/jvm/java-1.8-openjdk/jre/lib/amd64/libzip.so
400243e000-400243f000 r-xp 00000000 00:00 0 
400243f000-4002443000 rw-p 00000000 00:00 0 
4002443000-4002444000 r-xp 00000000 00:00 0 
4002444000-4002445000 rw-p 00000000 00:00 0 
4002445000-4002448000 r-xp 00000000 00:00 0 
4002448000-400244f000 rw-p 00000000 00:00 0 
400244f000-4002454000 r-xp 00000000 00:00 0 
4002454000-4002455000 rw-p 00000000 00:00 0 
4002455000-4002467000 r-xp 00000000 00:00 0 
4002467000-4002483000 rw-p 00000000 00:00 0 
4002483000-4002485000 r-xp 00000000 00:00 0 
4002485000-4002486000 rwxp 00000000 00:00 0 
4002486000-400248b000 rw-p 00000000 00:00 0 
400248b000-4002493000 r-xp 00000000 00:00 0 
4002493000-4002496000 rw-p 00000000 00:00 0 
4002496000-4002498000 r-xp 00000000 00:00 0 
4002498000-400249f000 rw-p 00000000 00:00 0 
400249f000-40024a0000 rwxp 00000000 00:00 0 
40024a0000-40024a5000 r-xp 00000000 00:00 0 
40024a5000-40024a7000 rw-p 00000000 00:00 0 
40024a7000-40024aa000 r-xp 00000000 00:00 0 
40024aa000-40024ab000 rwxp 00000000 00:00 0 
40024ab000-4002537000 rw-p 00000000 00:00 0 
4002537000-400253d000 r-xp 00000000 00:00 0 
400253d000-4002544000 rw-p 00000000 00:00 0 
4002544000-4002547000 r-xp 00000000 00:00 0 
4002547000-4002549000 rwxp 00000000 00:00 0 
4002549000-400254a000 r-xp 00000000 00:00 0 
400254a000-400254c000 rwxp 00000000 00:00 0 
400254c000-400254d000 r-xp 00000000 00:00 0 
400254d000-4002555000 rwxp 00000000 00:00 0 
4002555000-4002556000 r-xp 00000000 00:00 0 
4002556000-400255a000 rwxp 00000000 00:00 0 
400255a000-400255c000 r-xp 00000000 00:00 0 
400255c000-400255d000 rwxp 00000000 00:00 0 
400255d000-400255e000 r-xp 00000000 00:00 0 
400255e000-4002560000 rwxp 00000000 00:00 0 
4002560000-4002562000 r-xp 00000000 00:00 0 
4002562000-4002565000 rwxp 00000000 00:00 0 
4002565000-4002566000 r-xp 00000000 00:00 0 
4002566000-4002569000 rwxp 00000000 00:00 0 
4002569000-400256a000 r-xp 00000000 00:00 0 
400256a000-400256b000 rw-p 00000000 00:00 0 
400256b000-400256c000 rwxp 00000000 00:00 0 
400256c000-400256d000 rw-p 00000000 00:00 0 
400256d000-400256e000 rwxp 00000000 00:00 0 
400256e000-4002570000 rw-p 00000000 00:00 0 
4002570000-4002571000 rwxp 00000000 00:00 0 
4002571000-4002572000 r-xp 00000000 00:00 0 
4002572000-4002575000 rw-p 00000000 00:00 0 
4002575000-4002578000 rwxp 00000000 00:00 0 
4002578000-400257a000 r-xp 00000000 00:00 0 
400257a000-400257e000 rwxp 00000000 00:00 0 
400257e000-400257f000 r-xp 00000000 00:00 0 
400257f000-4002580000 rwxp 00000000 00:00 0 
4002580000-4002581000 rw-p 00000000 00:00 0 
4002581000-4002588000 rwxp 00000000 00:00 0 
4002588000-4002589000 r-xp 00000000 00:00 0 
4002589000-400258e000 rwxp 00000000 00:00 0 
400258e000-4002590000 r-xp 00000000 00:00 0 
4002590000-400259a000 rwxp 00000000 00:00 0 
400259a000-400259c000 rw-p 00000000 00:00 0 
400259c000-400259d000 r-xp 00000000 00:00 0 
400259d000-400259f000 rw-p 00000000 00:00 0 
400259f000-40025a1000 r-xp 00000000 00:00 0 
40025a1000-40025a9000 rwxp 00000000 00:00 0 
40025a9000-40025aa000 rw-p 00000000 00:00 0 
40025aa000-40025ab000 rwxp 00000000 00:00 0 
40025ab000-40025ac000 rw-p 00000000 00:00 0 
40025ac000-40025ad000 rwxp 00000000 00:00 0 
40025ad000-40025ae000 r-xp 00000000 00:00 0 
40025ae000-40025bc000 rwxp 00000000 00:00 0 
40025bc000-40025bd000 r-xp 00000000 00:00 0 
40025bd000-40025bf000 rwxp 00000000 00:00 0 
40025bf000-40025c3000 r-xp 00000000 00:00 0 
40025c3000-40025ca000 rwxp 00000000 00:00 0 
40025ca000-40025cb000 r-xp 00000000 00:00 0 
40025cb000-40025cf000 rwxp 00000000 00:00 0 
40025cf000-40025d0000 r-xp 00000000 00:00 0 
40025d0000-40025d6000 rwxp 00000000 00:00 0 
40025d6000-40025d7000 r-xp 00000000 00:00 0 
40025d7000-40025d9000 rw-p 00000000 00:00 0 
40025d9000-40025e2000 rwxp 00000000 00:00 0 
40025e2000-40025e4000 r-xp 00000000 00:00 0 
40025e4000-40025e5000 rw-p 00000000 00:00 0 
40025e5000-40025e7000 rwxp 00000000 00:00 0 
40025e7000-40025e8000 r-xp 00000000 00:00 0 
40025e8000-40025f2000 rwxp 00000000 00:00 0 
40025f2000-40025f3000 rw-p 00000000 00:00 0 
40025f3000-40025fe000 rwxp 00000000 00:00 0 
40025fe000-40025ff000 r-xp 00000000 00:00 0 
40025ff000-4002603000 rwxp 00000000 00:00 0 
4002603000-4002604000 r-xp 00000000 00:00 0 
4002604000-4002606000 rwxp 00000000 00:00 0 
4002606000-4002608000 rw-p 00000000 00:00 0 
4002608000-400260a000 r-xp 00000000 00:00 0 
400260a000-400260b000 rw-p 00000000 00:00 0 
400260b000-4002611000 r-xp 00000000 00:00 0 
4002611000-4002612000 rwxp 00000000 00:00 0 
4002612000-4002618000 rw-p 00000000 00:00 0 
4002618000-400261b000 rwxp 00000000 00:00 0 
400261b000-400261c000 r-xp 00000000 00:00 0 
400261c000-400261d000 rw-p 00000000 00:00 0 
400261d000-4002620000 rwxp 00000000 00:00 0 
4002620000-4002622000 r-xp 00000000 00:00 0 
4002622000-4002624000 rwxp 00000000 00:00 0 
4002624000-4002626000 r-xp 00000000 00:00 0 
4002626000-4002628000 rwxp 00000000 00:00 0 
4002628000-400262a000 r-xp 00000000 00:00 0 
400262a000-400262b000 rwxp 00000000 00:00 0 
400262b000-400262c000 r-xp 00000000 00:00 0 
400262c000-400262d000 rwxp 00000000 00:00 0 
400262d000-400262f000 r-xp 00000000 00:00 0 
400262f000-4002636000 rwxp 00000000 00:00 0 
4002636000-4002639000 r-xp 00000000 00:00 0 
4002639000-400263b000 rwxp 00000000 00:00 0 
400263b000-400263c000 r-xp 00000000 00:00 0 
400263c000-4002641000 rwxp 00000000 00:00 0 
4002641000-4002642000 r-xp 00000000 00:00 0 
4002642000-4002643000 rwxp 00000000 00:00 0 
4002643000-4002644000 r-xp 00000000 00:00 0 
4002644000-4002648000 rwxp 00000000 00:00 0 
4002648000-400264a000 r-xp 00000000 00:00 0 
400264a000-4002650000 rwxp 00000000 00:00 0 
4002650000-4002651000 r-xp 00000000 00:00 0 
4002651000-4002654000 rwxp 00000000 00:00 0 
4002654000-4002655000 r-xp 00000000 00:00 0 
4002655000-4002656000 rw-p 00000000 00:00 0 
4002656000-400265c000 rwxp 00000000 00:00 0 
400265c000-400265d000 r-xp 00000000 00:00 0 
400265d000-4002665000 rwxp 00000000 00:00 0 
4002665000-4002666000 r-xp 00000000 00:00 0 
4002666000-4002667000 rw-p 00000000 00:00 0 
4002667000-4002669000 r-xp 00000000 00:00 0 
4002669000-400266b000 rwxp 00000000 00:00 0 
400266b000-400266d000 r-xp 00000000 00:00 0 
400266d000-400266e000 rwxp 00000000 00:00 0 
400266e000-400266f000 r-xp 00000000 00:00 0 
400266f000-400267a000 rwxp 00000000 00:00 0 
400267a000-400267c000 r-xp 00000000 00:00 0 
400267c000-4002682000 rwxp 00000000 00:00 0 
4002682000-4002683000 rw-p 00000000 00:00 0 
4002683000-4002684000 rwxp 00000000 00:00 0 
4002684000-4002686000 r-xp 00000000 00:00 0 
4002686000-400268a000 rwxp 00000000 00:00 0 
400268a000-400268b000 rw-p 00000000 00:00 0 
400268b000-400268e000 rwxp 00000000 00:00 0 
400268e000-400268f000 rw-p 00000000 00:00 0 
400268f000-4002690000 rwxp 00000000 00:00 0 
4002690000-4002691000 r-xp 00000000 00:00 0 
4002691000-4002694000 rwxp 00000000 00:00 0 
4002694000-4002695000 rw-p 00000000 00:00 0 
4002695000-400269a000 rwxp 00000000 00:00 0 
400269a000-400269b000 r-xp 00000000 00:00 0 
400269b000-40026a1000 rwxp 00000000 00:00 0 
40026a1000-40026a2000 r-xp 00000000 00:00 0 
40026a2000-40026ac000 rwxp 00000000 00:00 0 
40026ac000-40026ad000 rw-p 00000000 00:00 0 
40026ad000-40026af000 rwxp 00000000 00:00 0 
40026af000-40026b0000 r-xp 00000000 00:00 0 
40026b0000-40026b9000 rwxp 00000000 00:00 0 
40026b9000-40026ba000 r-xp 00000000 00:00 0 
40026ba000-40026bb000 rw-p 00000000 00:00 0 
40026bb000-40026c1000 rwxp 00000000 00:00 0 
40026c1000-40026c2000 r-xp 00000000 00:00 0 
40026c2000-40026c7000 rwxp 00000000 00:00 0 
40026c7000-40026c8000 r-xp 00000000 00:00 0 
40026c8000-40026ca000 rwxp 00000000 00:00 0 
40026ca000-40026cc000 r-xp 00000000 00:00 0 
40026cc000-40026dc000 rwxp 00000000 00:00 0 
40026dc000-40026dd000 rw-p 00000000 00:00 0 
40026dd000-40026de000 r-xp 00000000 00:00 0 
40026de000-40026df000 rw-p 00000000 00:00 0 
40026df000-40026e3000 rwxp 00000000 00:00 0 
40026e3000-40026e4000 r-xp 00000000 00:00 0 
40026e4000-40026e5000 rwxp 00000000 00:00 0 
40026e5000-40026e6000 rw-p 00000000 00:00 0 
40026e6000-40026e8000 rwxp 00000000 00:00 0 
40026e8000-40026e9000 r-xp 00000000 00:00 0 
40026e9000-40026fe000 rwxp 00000000 00:00 0 
40026fe000-4002700000 r-xp 00000000 00:00 0 
4002700000-4002704000 rwxp 00000000 00:00 0 
4002704000-400270e000 rw-p 00000000 00:00 0 
400270e000-400270f000 rwxp 00000000 00:00 0 
400270f000-4002713000 r-xp 00000000 00:00 0 
4002713000-4002715000 rw-p 00000000 00:00 0 
4002715000-4002716000 rwxp 00000000 00:00 0 
4002716000-4002717000 r-xp 00000000 00:00 0 
4002717000-4002718000 rw-p 00000000 00:00 0 
4002718000-400271d000 rwxp 00000000 00:00 0 
400271d000-400271f000 r-xp 00000000 00:00 0 
400271f000-4002721000 rwxp 00000000 00:00 0 
4002721000-4002722000 rw-p 00000000 00:00 0 
4002722000-4002723000 rwxp 00000000 00:00 0 
4002723000-4002738000 rw-p 00000000 00:00 0 
4002738000-400273b000 rwxp 00000000 00:00 0 
400273b000-400273e000 rw-p 00000000 00:00 0 
400273e000-4002745000 rwxp 00000000 00:00 0 
4002745000-4002746000 r-xp 00000000 00:00 0 
4002746000-4002748000 rwxp 00000000 00:00 0 
4002748000-400274a000 r-xp 00000000 00:00 0 
400274a000-400274b000 rwxp 00000000 00:00 0 
400274b000-400274c000 r-xp 00000000 00:00 0 
400274c000-400274d000 rw-p 00000000 00:00 0 
400274d000-4002756000 rwxp 00000000 00:00 0 
4002756000-4002759000 rw-p 00000000 00:00 0 
4002759000-400275c000 r-xp 00000000 00:00 0 
400275c000-400275f000 rw-p 00000000 00:00 0 
400275f000-4002765000 rwxp 00000000 00:00 0 
4002765000-4002767000 r-xp 00000000 00:00 0 
4002767000-4002768000 rw-p 00000000 00:00 0 
4002768000-4002770000 rwxp 00000000 00:00 0 
4002770000-4002771000 rw-p 00000000 00:00 0 
4002771000-4002772000 r-xp 00000000 00:00 0 
4002772000-4002774000 rwxp 00000000 00:00 0 
4002774000-4002775000 r-xp 00000000 00:00 0 
4002775000-4002778000 rw-p 00000000 00:00 0 
4002778000-4002779000 rwxp 00000000 00:00 0 
4002779000-400277f000 rw-p 00000000 00:00 0 
400277f000-4002781000 rwxp 00000000 00:00 0 
4002781000-4002784000 r-xp 00000000 00:00 0 
4002784000-4002785000 rw-p 00000000 00:00 0 
4002785000-4002786000 rwxp 00000000 00:00 0 
4002786000-4002787000 r-xp 00000000 00:00 0 
4002787000-4002788000 rwxp 00000000 00:00 0 
4002788000-4002789000 r-xp 00000000 00:00 0 
4002789000-400278a000 rw-p 00000000 00:00 0 
400278a000-400278c000 r-xp 00000000 00:00 0 
400278c000-400278f000 rw-p 00000000 00:00 0 
400278f000-4002790000 rwxp 00000000 00:00 0 
4002790000-4002791000 r-xp 00000000 00:00 0 
4002791000-400279b000 rwxp 00000000 00:00 0 
400279b000-400279c000 r-xp 00000000 00:00 0 
400279c000-400279d000 rw-p 00000000 00:00 0 
400279d000-400279e000 r-xp 00000000 00:00 0 
400279e000-40027a0000 rw-p 00000000 00:00 0 
40027a0000-40027a5000 rwxp 00000000 00:00 0 
40027a5000-40027a6000 rw-p 00000000 00:00 0 
40027a6000-40027a8000 rwxp 00000000 00:00 0 
40027a8000-40027ac000 r-xp 00000000 00:00 0 
40027ac000-40027be000 rw-p 00000000 00:00 0 
40027be000-401143e000 ---p 00000000 00:00 0 
401143e000-401144c000 rw-p 00000000 00:00 0 
401144c000-40117fe000 ---p 00000000 00:00 0 
40117fe000-4011828000 rw-p 00000000 00:00 0 
4011828000-4011953000 ---p 00000000 00:00 0 
4011953000-4011978000 rw-p 00000000 00:00 0 
4011978000-40119fe000 ---p 00000000 00:00 0 
40119fe000-4011a29000 rw-p 00000000 00:00 0 
4011a29000-4011b55000 ---p 00000000 00:00 0 
4011b55000-4011b56000 ---p 00000000 00:00 0 
4011b56000-4011c57000 rw-p 00000000 00:00 0 
4011c57000-4011c58000 ---p 00000000 00:00 0 
4011c58000-4011d59000 rw-p 00000000 00:00 0 
4011d59000-4011d5a000 ---p 00000000 00:00 0 
4011d5a000-4011e5b000 rw-p 00000000 00:00 0 
4011e5b000-4011e5c000 ---p 00000000 00:00 0 
4011e5c000-4014971000 rw-p 00000000 00:00 0 
4014971000-4014a42000 rw-p 00000000 00:00 0 
4014a42000-4014c12000 r--s 01f6f000 fe:01 3023524                        /usr/lib/jvm/java-1.8-openjdk/jre/lib/rt.jar
4014c12000-4015b6f000 rw-p 00000000 00:00 0 
4015b6f000-4015b70000 ---p 00000000 00:00 0 
4015b70000-4015c71000 rw-p 00000000 00:00 0 
4015c71000-4015c74000 ---p 00000000 00:00 0 
4015c74000-4015d72000 rw-p 00000000 00:00 0 
4015d72000-4015d75000 ---p 00000000 00:00 0 
4015d75000-4015e73000 rw-p 00000000 00:00 0 
4015e73000-4015e76000 ---p 00000000 00:00 0 
4015e76000-4015f74000 rw-p 00000000 00:00 0 
4015f74000-4015f75000 ---p 00000000 00:00 0 
4015f75000-4015f78000 ---p 00000000 00:00 0 
4015f78000-4016076000 rw-p 00000000 00:00 0 
4016076000-4016077000 ---p 00000000 00:00 0 
4016077000-401607a000 ---p 00000000 00:00 0 
401607a000-4016178000 rw-p 00000000 00:00 0 
4016178000-4016179000 ---p 00000000 00:00 0 
4016179000-401617c000 ---p 00000000 00:00 0 
401617c000-401627a000 rw-p 00000000 00:00 0 
401627a000-401627d000 ---p 00000000 00:00 0 
401627d000-401637b000 rw-p 00000000 00:00 0 
401637b000-401637c000 ---p 00000000 00:00 0 
401637c000-401647d000 rw-p 00000000 00:00 0 
401647d000-40164b3000 r--s 0031c000 fe:01 3022876                        /spark/jars/hadoop-common-2.7.3.jar
40164b3000-40164b5000 r--s 00012000 fe:01 3022822                        /spark/jars/api-util-1.0.0-M20.jar
40164b5000-40164e4000 r--s 0021a000 fe:01 3023008                        /spark/jars/spark-network-common_2.11-2.4.5.jar
40164e4000-40164e6000 r--s 0000e000 fe:01 3022881                        /spark/jars/hadoop-mapreduce-client-jobclient-2.7.3.jar
40164e6000-40164ec000 r--s 00034000 fe:01 3022951                        /spark/jars/libthrift-0.9.3.jar
40164ec000-401651b000 r--s 001e4000 fe:01 3023013                        /spark/jars/spark-streaming_2.11-2.4.5.jar
401651b000-401651c000 r--s 00007000 fe:01 3022908                        /spark/jars/jackson-module-jaxb-annotations-2.6.7.jar
401651c000-401652a000 r--s 00089000 fe:01 3022939                        /spark/jars/json4s-scalap_2.11-3.5.3.jar
401652a000-401652c000 r--s 00015000 fe:01 3022874                        /spark/jars/hadoop-auth-2.7.3.jar
401652c000-401652e000 r--s 00017000 fe:01 3022891                        /spark/jars/hive-jdbc-1.2.1.spark2.jar
401652e000-4016591000 r--s 004de000 fe:01 3022892                        /spark/jars/hive-metastore-1.2.1.spark2.jar
4016591000-40165b2000 r--s 0019b000 fe:01 3023000                        /spark/jars/spark-hive-thriftserver_2.11-2.4.5.jar
40165b2000-40165b3000 r--s 00002000 fe:01 3022935                        /spark/jars/jpam-1.1.jar
40165b3000-40165b6000 r--s 0000f000 fe:01 3023009                        /spark/jars/spark-network-shuffle_2.11-2.4.5.jar
40165b6000-40165c4000 r--s 000b1000 fe:01 3022907                        /spark/jars/jackson-mapper-asl-1.9.13.jar
40165c4000-40165d5000 r--s 0010c000 fe:01 3022904                        /spark/jars/jackson-databind-2.6.7.3.jar
40165d5000-40165e1000 r--s 00068000 fe:01 3022987                        /spark/jars/scala-parser-combinators_2.11-1.1.0.jar
40165e1000-40165e4000 r--s 0001e000 fe:01 3022812                        /spark/jars/aircompressor-0.10.jar
40165e4000-40165e6000 r--s 00005000 fe:01 3022914                        /spark/jars/javax.annotation-api-1.2.jar
40165e6000-40165f1000 r--s 00062000 fe:01 3022836                        /spark/jars/calcite-linq4j-1.2.0-incubating.jar
40165f1000-40165f8000 r--s 00053000 fe:01 3022844                        /spark/jars/commons-compress-1.8.1.jar
40165f8000-40165fb000 r--s 001eb000 fe:01 3022996                        /spark/jars/snappy-java-1.1.7.3.jar
40165fb000-4016604000 r--s 0006f000 fe:01 3022952                        /spark/jars/log4j-1.2.17.jar
4016604000-4016605000 r--s 00004000 fe:01 3022866                        /spark/jars/eigenbase-properties-1.1.5.jar
4016605000-4016607000 r--s 0000c000 fe:01 3023003                        /spark/jars/spark-kvstore_2.11-2.4.5.jar
4016607000-401660b000 r--s 00029000 fe:01 3023006                        /spark/jars/spark-mllib-local_2.11-2.4.5.jar
401660b000-401660d000 r--s 00004000 fe:01 3023020                        /spark/jars/stax-api-1.0-2.jar
401660d000-4016610000 r--s 00015000 fe:01 3022984                        /spark/jars/pyrolite-4.13.jar
4016610000-4016624000 r--s 000ec000 fe:01 3022981                        /spark/jars/parquet-jackson-1.10.1.jar
4016624000-4016626000 r--s 00000000 fe:01 3022816                        /spark/jars/aopalliance-1.0.jar
4016626000-401671c000 r--s 00bf8000 fe:01 3022998                        /spark/jars/spark-core_2.11-2.4.5.jar
401671c000-4016723000 r--p 00000000 fe:01 3023462                        /usr/lib/jvm/java-1.8-openjdk/jre/lib/amd64/libnio.so
4016723000-401672b000 r--p 00007000 fe:01 3023462                        /usr/lib/jvm/java-1.8-openjdk/jre/lib/amd64/libnio.so
401672b000-401672f000 r--p 0000f000 fe:01 3023462                        /usr/lib/jvm/java-1.8-openjdk/jre/lib/amd64/libnio.so
401672f000-4016730000 r--p 00012000 fe:01 3023462                        /usr/lib/jvm/java-1.8-openjdk/jre/lib/amd64/libnio.so
4016730000-4016731000 rw-p 00013000 fe:01 3023462                        /usr/lib/jvm/java-1.8-openjdk/jre/lib/amd64/libnio.so
4016731000-4016735000 r--p 00000000 fe:01 3023461                        /usr/lib/jvm/java-1.8-openjdk/jre/lib/amd64/libnet.so
4016735000-4016744000 r--p 00004000 fe:01 3023461                        /usr/lib/jvm/java-1.8-openjdk/jre/lib/amd64/libnet.so
4016744000-4016748000 r--p 00013000 fe:01 3023461                        /usr/lib/jvm/java-1.8-openjdk/jre/lib/amd64/libnet.so
4016748000-4016749000 r--p 00017000 fe:01 3023461                        /usr/lib/jvm/java-1.8-openjdk/jre/lib/amd64/libnet.so
4016749000-401674a000 r--p 00017000 fe:01 3023461                        /usr/lib/jvm/java-1.8-openjdk/jre/lib/amd64/libnet.so
401674a000-401674b000 rw-p 00018000 fe:01 3023461                        /usr/lib/jvm/java-1.8-openjdk/jre/lib/amd64/libnet.so
401674b000-401974c000 rw-p 00000000 00:00 0 
401974c000-401974f000 r--s 00015000 fe:01 3022856                        /spark/jars/commons-pool-1.5.4.jar
401974f000-4019752000 r--s 00014000 fe:01 3023024                        /spark/jars/super-csv-2.2.0.jar
4019752000-4019754000 r--s 00000000 fe:01 3022944                        /spark/jars/jul-to-slf4j-1.7.16.jar
4019754000-401975a000 r--s 00043000 fe:01 3022845                        /spark/jars/commons-configuration-1.6.jar
401975a000-4019763000 r--s 00046000 fe:01 3022905                        /spark/jars/jackson-dataformat-yaml-2.6.7.jar
4019763000-4019771000 r--s 0009d000 fe:01 3022924                        /spark/jars/jersey-common-2.22.2.jar
4019771000-4019772000 r--s 00006000 fe:01 3022911                        /spark/jars/jackson-xc-1.9.13.jar
4019772000-4019773000 r--s 00003000 fe:01 3022868                        /spark/jars/generex-1.0.2.jar
4019773000-401977a000 r--s 00039000 fe:01 3022834                        /spark/jars/calcite-avatica-1.2.0-incubating.jar
401977a000-401977c000 r--s 00238000 fe:01 3023033                        /spark/jars/zstd-jni-1.3.2-2.jar
401977c000-4019792000 r--s 001a4000 fe:01 3022864                        /spark/jars/datanucleus-rdbms-3.2.9.jar
4019792000-4019793000 r--s 00004000 fe:01 3022973                        /spark/jars/osgi-resource-locator-1.0.1.jar
4019793000-40197a0000 r--s 0009c000 fe:01 3022937                        /spark/jars/json4s-core_2.11-3.5.3.jar
40197a0000-40197a4000 r--s 0001a000 fe:01 3022895                        /spark/jars/hk2-utils-2.4.0-b34.jar
40197a4000-40197af000 r--s 000b9000 fe:01 3022912                        /spark/jars/janino-3.0.9.jar
40197af000-40197b7000 r--s 0003b000 fe:01 3022861                        /spark/jars/curator-recipes-2.7.1.jar
40197b7000-40197d8000 r--s 0015c000 fe:01 3022828                        /spark/jars/avro-1.8.2.jar
40197d8000-40197dc000 r--s 0000c000 fe:01 3023026                        /spark/jars/validation-api-1.1.0.Final.jar
40197dc000-40197de000 r--s 00008000 fe:01 3022843                        /spark/jars/commons-compiler-3.0.9.jar
40197de000-40197e6000 r--s 0006e000 fe:01 3022852                        /spark/jars/commons-lang3-3.5.jar
40197e6000-40197f5000 r--s 0009f000 fe:01 3022871                        /spark/jars/guice-3.0.jar
40197f5000-40197f7000 r--s 0000e000 fe:01 3022972                        /spark/jars/oro-2.0.8.jar
40197f7000-40197f9000 r--s 00009000 fe:01 3022840                        /spark/jars/commons-cli-1.2.jar
40197f9000-40197fb000 r--s 00003000 fe:01 3022921                        /spark/jars/jcl-over-slf4j-1.7.16.jar
40197fb000-4019800000 r--s 00041000 fe:01 3022851                        /spark/jars/commons-lang-2.6.jar
4019800000-401980b000 r--s 000c5000 fe:01 3022977                        /spark/jars/parquet-encoding-1.10.1.jar
401980b000-4019811000 r--s 00062000 fe:01 3022966                        /spark/jars/okhttp-3.12.0.jar
4019811000-4019815000 r--s 0004c000 fe:01 3022809                        /spark/jars/RoaringBitmap-0.7.45.jar
4019815000-4019817000 r--s 00009000 fe:01 3022909                        /spark/jars/jackson-module-paranamer-2.7.9.jar
4019817000-4019818000 r--s 00003000 fe:01 3023029                        /spark/jars/xmlenc-0.52.jar
4019818000-401981d000 r--s 00027000 fe:01 3022827                        /spark/jars/automaton-1.11-8.jar
401981d000-4019825000 r--s 0007b000 fe:01 3022982                        /spark/jars/protobuf-java-2.5.0.jar
4019825000-4019829000 r--s 00019000 fe:01 3022918                        /spark/jars/javax.ws.rs-api-2.0.1.jar
4019829000-4019858000 r--s 002e5000 fe:01 3022865                        /spark/jars/derby-10.12.1.1.jar
4019858000-4019871000 r--s 0012c000 fe:01 3022963                        /spark/jars/netty-3.9.9.Final.jar
4019871000-4019872000 r--s 00000000 fe:01 3022956                        /spark/jars/macro-compat_2.11-1.1.1.jar
4019872000-401987a000 r--s 0005d000 fe:01 3022945                        /spark/jars/kryo-shaded-4.0.2.jar
401987a000-4019892000 r--s 000d6000 fe:01 3022927                        /spark/jars/jersey-guava-2.22.2.jar
4019892000-40198bb000 r--s 001ee000 fe:01 3022870                        /spark/jars/guava-14.0.1.jar
40198bb000-40198d6000 r--s 0012e000 fe:01 3023001                        /spark/jars/spark-hive_2.11-2.4.5.jar
40198d6000-401992f000 r--s 00523000 fe:01 3022986                        /spark/jars/scala-library-2.11.12.jar
401992f000-4019931000 r--s 0000e000 fe:01 3022872                        /spark/jars/guice-servlet-3.0.jar
4019931000-4019933000 r--s 00005000 fe:01 3023021                        /spark/jars/stax-api-1.0.1.jar
4019933000-4019957000 r--s 001cd000 fe:01 3022854                        /spark/jars/commons-math3-3.4.1.jar
4019957000-4019958000 r--s 00008000 fe:01 3022955                        /spark/jars/machinist_2.11-0.6.1.jar
4019958000-401996f000 r--s 00183000 fe:01 3022885                        /spark/jars/hadoop-yarn-common-2.7.3.jar
401996f000-4019976000 r--s 0003f000 fe:01 3022841                        /spark/jars/commons-codec-1.10.jar
4019976000-4019977000 r--s 00000000 fe:01 3022991                        /spark/jars/shims-0.7.45.jar
4019977000-401998d000 r--s 00124000 fe:01 3022900                        /spark/jars/ivy-2.4.0.jar
401998d000-4019990000 r--s 00025000 fe:01 3022847                        /spark/jars/commons-dbcp-1.4.jar
4019990000-401999d000 r--s 00083000 fe:01 3022842                        /spark/jars/commons-collections-3.2.2.jar
401999d000-40199a4000 r--s 00049000 fe:01 3022899                        /spark/jars/httpcore-4.4.10.jar
40199a4000-40199a6000 r--s 00010000 fe:01 3022882                        /spark/jars/hadoop-mapreduce-client-shuffle-2.7.3.jar
40199a6000-40199a7000 r--s 00003000 fe:01 3023015                        /spark/jars/spark-tags_2.11-2.4.5.jar
40199a7000-40199ab000 r--s 00025000 fe:01 3022923                        /spark/jars/jersey-client-2.22.2.jar
40199ab000-40199ad000 r--s 00003000 fe:01 3022808                        /spark/jars/JavaEWAH-0.3.2.jar
40199ad000-40199ba000 r--s 0009b000 fe:01 3022946                        /spark/jars/kubernetes-client-4.6.1.jar
40199ba000-40199c7000 r--s 000b1000 fe:01 3022879                        /spark/jars/hadoop-mapreduce-client-common-2.7.3.jar
40199c7000-40199cc000 r--s 00027000 fe:01 3022893                        /spark/jars/hk2-api-2.4.0-b34.jar
40199cc000-40199ce000 r--s 00002000 fe:01 3022953                        /spark/jars/logging-interceptor-3.12.0.jar
40199ce000-40199d4000 r--s 00063000 fe:01 3022934                        /spark/jars/jodd-core-3.5.2.jar
40199d4000-40199e6000 r--s 00097000 fe:01 3022820                        /spark/jars/apacheds-kerberos-codec-2.0.0-M15.jar
40199e6000-40199eb000 r--s 00041000 fe:01 3022979                        /spark/jars/parquet-hadoop-1.10.1.jar
40199eb000-40199ee000 r--s 000fd000 fe:01 3022949                        /spark/jars/leveldbjni-all-1.8.jar
40199ee000-40199f6000 r--s 0005b000 fe:01 3023025                        /spark/jars/univocity-parsers-2.7.3.jar
40199f6000-40199f9000 r--s 0000b000 fe:01 3022965                        /spark/jars/objenesis-2.5.1.jar
40199f9000-40199fd000 r--s 0001e000 fe:01 3023010                        /spark/jars/spark-repl_2.11-2.4.5.jar
40199fd000-4019a43000 r--s 00317000 fe:01 3022990                        /spark/jars/shapeless_2.11-2.3.2.jar
4019a43000-4019a47000 r--s 00015000 fe:01 3023030                        /spark/jars/xz-1.5.jar
4019a47000-4019a4e000 r--s 0007d000 fe:01 3022930                        /spark/jars/jetty-6.1.26.jar
4019a4e000-4019a9b000 r--s 0041c000 fe:01 3022988                        /spark/jars/scala-reflect-2.11.12.jar
4019a9b000-4019a9d000 r--s 0000b000 fe:01 3022824                        /spark/jars/arrow-format-0.10.0.jar
4019a9d000-4019aa0000 r--s 00017000 fe:01 3022920                        /spark/jars/jaxb-api-2.2.2.jar
4019aa0000-4019b5d000 r--s 0090a000 fe:01 3022997                        /spark/jars/spark-catalyst_2.11-2.4.5.jar
4019b5d000-4019b5f000 r--s 00010000 fe:01 3022928                        /spark/jars/jersey-media-jaxb-2.22.2.jar
4019b5f000-4019ba5000 r--s 0039f000 fe:01 3022964                        /spark/jars/netty-all-4.1.42.Final.jar
4019ba5000-4019ba7000 r--s 0000e000 fe:01 3022853                        /spark/jars/commons-logging-1.1.3.jar
4019ba7000-4019bab000 r--s 0002a000 fe:01 3022832                        /spark/jars/breeze-macros_2.11-0.13.2.jar
4019bab000-4019bb6000 r--s 000bc000 fe:01 3022970                        /spark/jars/orc-mapreduce-1.5.5-nohive.jar
4019bb6000-4019c21000 r--s 0093d000 fe:01 3023019                        /spark/jars/spire_2.11-0.13.0.jar
4019c21000-4019c24000 r--s 00016000 fe:01 3022940                        /spark/jars/jsp-api-2.1.jar
4019c24000-4019c2a000 r--s 0002c000 fe:01 3022922                        /spark/jars/jdo-api-3.0.1.jar
4019c2a000-4019c2f000 r--s 0004e000 fe:01 3022862                        /spark/jars/datanucleus-api-jdo-3.2.6.jar
4019c2f000-4019d3c000 r--s 00dd7000 fe:01 3022985                        /spark/jars/scala-compiler-2.11.12.jar
4019d3c000-4019d3e000 r--s 00004000 fe:01 3022959                        /spark/jars/metrics-graphite-3.1.5.jar
4019d3e000-4019d57000 r--s 00164000 fe:01 3022880                        /spark/jars/hadoop-mapreduce-client-core-2.7.3.jar
4019d57000-4019d58000 r--s 00000000 fe:01 3022948                        /spark/jars/kubernetes-model-common-4.6.1.jar
4019d58000-4019d99000 r--s 006c0000 fe:01 3022957                        /spark/jars/mesos-1.4.0-shaded-protobuf.jar
4019d99000-4019d9b000 r--s 00020000 fe:01 3022888                        /spark/jars/hive-beeline-1.2.1.spark2.jar
4019d9b000-4019da0000 r--s 00068000 fe:01 3022813                        /spark/jars/antlr-2.7.7.jar
4019da0000-4019da3000 r--s 0001e000 fe:01 3022829                        /spark/jars/avro-ipc-1.8.2.jar
4019da3000-4019da5000 r--s 00011000 fe:01 3023004                        /spark/jars/spark-launcher_2.11-2.4.5.jar
4019da5000-4019e10000 r--s 00784000 fe:01 3022877                        /spark/jars/hadoop-hdfs-2.7.3.jar
4019e10000-4019e1f000 r--s 00096000 fe:01 3023017                        /spark/jars/spark-yarn_2.11-2.4.5.jar
4019e1f000-4019e23000 r--s 00025000 fe:01 3022814                        /spark/jars/antlr-runtime-3.4.jar
4019e23000-4019e31000 r--s 000a3000 fe:01 3022978                        /spark/jars/parquet-format-2.4.0.jar
4019e31000-4019e35000 r--s 00029000 fe:01 3022894                        /spark/jars/hk2-locator-2.4.0-b34.jar
4019e35000-4019e37000 r--s 00027000 fe:01 3022858                        /spark/jars/core-1.1.2.jar
4019e37000-4019e39000 r--s 00014000 fe:01 3022967                        /spark/jars/okio-1.15.0.jar
4019e39000-4019ecc000 r--s 00716000 fe:01 3023007                        /spark/jars/spark-mllib_2.11-2.4.5.jar
4019ecc000-4019edc000 r--s 00133000 fe:01 3022826                        /spark/jars/arrow-vector-0.10.0.jar
4019edc000-4019ee0000 r--s 0001a000 fe:01 3022958                        /spark/jars/metrics-core-3.1.5.jar
4019ee0000-4019ee6000 r--s 00028000 fe:01 3022860                        /spark/jars/curator-framework-2.7.1.jar
4019ee6000-4019ee8000 r--s 0000d000 fe:01 3022837                        /spark/jars/chill-java-0.9.3.jar
4019ee8000-4019eea000 r--s 00003000 fe:01 3022821                        /spark/jars/api-asn1-api-1.0.0-M20.jar
4019eea000-4019eec000 r--s 00003000 fe:01 3022925                        /spark/jars/jersey-container-servlet-2.22.2.jar
4019eec000-4019ef6000 r--s 000a5000 fe:01 3022913                        /spark/jars/javassist-3.18.1-GA.jar
4019ef6000-4019ef8000 r--s 00008000 fe:01 3022961                        /spark/jars/metrics-jvm-3.1.5.jar
4019ef8000-4019f10000 r--s 001b6000 fe:01 3022863                        /spark/jars/datanucleus-core-3.2.10.jar
4019f10000-4019f13000 r--s 00028000 fe:01 3023022                        /spark/jars/stream-2.7.0.jar
4019f13000-4019f14000 r--s 00002000 fe:01 3022867                        /spark/jars/flatbuffers-1.2.0-3f79e055.jar
4019f14000-4019f15000 r--s 00006000 fe:01 3022875                        /spark/jars/hadoop-client-2.7.3.jar
4019f15000-4019f17000 r--s 00001000 fe:01 3023014                        /spark/jars/spark-tags_2.11-2.4.5-tests.jar
4019f17000-4019f18000 r--s 0000b000 fe:01 3022995                        /spark/jars/snappy-0.2.jar
4019f18000-4019f1f000 r--s 00058000 fe:01 3022886                        /spark/jars/hadoop-yarn-server-common-2.7.3.jar
4019f1f000-4019f23000 r--s 0002a000 fe:01 3022830                        /spark/jars/avro-mapred-1.8.2-hadoop2.jar
4019f23000-4019f24000 r--s 00006000 fe:01 3022971                        /spark/jars/orc-shims-1.5.5.jar
4019f24000-4019f3a000 r--s 000d3000 fe:01 3022929                        /spark/jars/jersey-server-2.22.2.jar
4019f3a000-4019f46000 r--s 000b6000 fe:01 3023032                        /spark/jars/zookeeper-3.4.6.jar
4019f46000-4019f48000 r--s 00014000 fe:01 3023018                        /spark/jars/spire-macros_2.11-0.13.0.jar
4019f48000-4019f4e000 r--s 00045000 fe:01 3022849                        /spark/jars/commons-httpclient-3.1.jar
4019f4e000-4019f60000 r--s 00112000 fe:01 3022823                        /spark/jars/arpack_combined_all-0.1.jar
4019f60000-4019f6d000 r--s 000a0000 fe:01 3022999                        /spark/jars/spark-graphx_2.11-2.4.5.jar
4019f6d000-4019f77000 r--s 0007b000 fe:01 3022878                        /spark/jars/hadoop-mapreduce-client-app-2.7.3.jar
4019f77000-4019f7e000 r--s 00046000 fe:01 3022950                        /spark/jars/libfb303-0.9.3.jar
4019f7e000-4019f82000 r--s 0003c000 fe:01 3022902                        /spark/jars/jackson-core-2.6.7.jar
4019f82000-4019f83000 r--s 00000000 fe:01 3022915                        /spark/jars/javax.inject-1.jar
4019f83000-4019f85000 r--s 00006000 fe:01 3023011                        /spark/jars/spark-sketch_2.11-2.4.5.jar
4019f85000-4019f89000 r--s 0003e000 fe:01 3022932                        /spark/jars/jline-2.14.6.jar
4019f89000-4019f8a000 r--s 00004000 fe:01 3022968                        /spark/jars/opencsv-2.3.jar
4019f8a000-4019fa7000 r--s 001d5000 fe:01 3022883                        /spark/jars/hadoop-yarn-api-2.7.3.jar
4019fa7000-4019fac000 r--s 0003e000 fe:01 3022855                        /spark/jars/commons-net-3.1.jar
4019fac000-4019fb7000 r--s 000b0000 fe:01 3022943                        /spark/jars/jtransforms-2.4.0.jar
4019fb7000-4019fc8000 r--s 00097000 fe:01 3023005                        /spark/jars/spark-mesos_2.11-2.4.5.jar
4019fc8000-4019fc9000 r--s 0000a000 fe:01 3022819                        /spark/jars/apacheds-i18n-2.0.0-M15.jar
4019fc9000-4019fcd000 r--s 00036000 fe:01 3022810                        /spark/jars/ST4-4.0.4.jar
4019fcd000-4019fce000 r--s 00001000 fe:01 3022916                        /spark/jars/javax.inject-2.4.0-b34.jar
4019fce000-4019fcf000 r--s 00001000 fe:01 3022962                        /spark/jars/minlog-1.3.0.jar
4019fcf000-4019fd2000 r--s 00014000 fe:01 3022936                        /spark/jars/json4s-ast_2.11-3.5.3.jar
4019fd2000-4019feb000 r--s 000f4000 fe:01 3022975                        /spark/jars/parquet-column-1.10.1.jar
4019feb000-401a00c000 r--s 00177000 fe:01 3022896                        /spark/jars/hppc-0.7.2.jar
401a00c000-401a011000 r--s 00035000 fe:01 3022838                        /spark/jars/chill_2.11-0.9.3.jar
401a011000-401a016000 r--s 00038000 fe:01 3022839                        /spark/jars/commons-beanutils-1.9.4.jar
401a016000-401a01a000 r--s 0002a000 fe:01 3022850                        /spark/jars/commons-io-2.4.jar
401a01a000-401a01e000 r--s 00028000 fe:01 3022931                        /spark/jars/jetty-util-6.1.26.jar
401a01e000-401a021000 r--s 00019000 fe:01 3022831                        /spark/jars/bonecp-0.8.0.RELEASE.jar
401a021000-401a032000 r--s 00089000 fe:01 3022933                        /spark/jars/joda-time-2.9.3.jar
401a032000-401a033000 r--s 00009000 fe:01 3022889                        /spark/jars/hive-cli-1.2.1.spark2.jar
401a033000-401a036000 r--s 00006000 fe:01 3022941                        /spark/jars/jsr305-1.3.9.jar
401a036000-401a03b000 r--s 00041000 fe:01 3023027                        /spark/jars/xbean-asm6-shaded-4.8.jar
401a03b000-401a04f000 r--s 0016b000 fe:01 3022969                        /spark/jars/orc-core-1.5.5-nohive.jar
401a04f000-401a050000 r--s 00009000 fe:01 3022873                        /spark/jars/hadoop-annotations-2.7.3.jar
401a050000-401a051000 r--s 00003000 fe:01 3022942                        /spark/jars/jta-1.1.jar
401a051000-401a05e000 r--s 000af000 fe:01 3022898                        /spark/jars/httpclient-4.5.6.jar
401a05e000-401a060000 r--s 0001c000 fe:01 3022983                        /spark/jars/py4j-0.10.7.jar
401a060000-401a078000 r--s 00115000 fe:01 3023028                        /spark/jars/xercesImpl-2.9.1.jar
401a078000-401a07b000 r--s 00058000 fe:01 3022954                        /spark/jars/lz4-java-1.4.0.jar
401a07b000-401a07d000 r--s 0000a000 fe:01 3022938                        /spark/jars/json4s-jackson_2.11-3.5.3.jar
401a07d000-401a083000 r--s 0003c000 fe:01 3022994                        /spark/jars/snakeyaml-1.15.jar
401a083000-401a084000 r--s 00009000 fe:01 3022992                        /spark/jars/slf4j-api-1.7.16.jar
401a084000-401a16d000 rw-p 00000000 00:00 0 
401a35d000-401a89d000 rw-p 00000000 00:00 0 
401aa12000-401aa15000 r--s 00009000 fe:01 3022901                        /spark/jars/jackson-annotations-2.6.7.jar
401aa15000-401aadb000 r--s 008ab000 fe:01 3023012                        /spark/jars/spark-sql_2.11-2.4.5.jar
401aadb000-401aadd000 r--s 00012000 fe:01 3022857                        /spark/jars/compress-lzf-1.0.3.jar
401aadd000-401aae0000 r--s 0000e000 fe:01 3022926                        /spark/jars/jersey-container-servlet-core-2.22.2.jar
401aae0000-401abca000 r--s 009a3000 fe:01 3022947                        /spark/jars/kubernetes-model-4.6.1.jar
401abca000-401abcb000 r--s 00002000 fe:01 3022993                        /spark/jars/slf4j-log4j12-1.7.16.jar
401abcb000-401abcd000 r--s 00012000 fe:01 3022825                        /spark/jars/arrow-memory-0.10.0.jar
401abcd000-401abcf000 r--s 0000b000 fe:01 3023016                        /spark/jars/spark-unsafe_2.11-2.4.5.jar
401abcf000-401abe8000 r--s 00150000 fe:01 3022897                        /spark/jars/htrace-core-3.1.0-incubating.jar
401abe8000-401abec000 r--s 00014000 fe:01 3022976                        /spark/jars/parquet-common-1.10.1.jar
401abec000-401abed000 r--s 00003000 fe:01 3022960                        /spark/jars/metrics-json-3.1.5.jar
401abed000-401ac21000 r--s 00277000 fe:01 3022980                        /spark/jars/parquet-hadoop-bundle-1.6.0.jar
401ac21000-401acca000 r--s 00a4f000 fe:01 3022890                        /spark/jars/hive-exec-1.2.1.spark2.jar
401acca000-401acd4000 r--s 0009a000 fe:01 3022989                        /spark/jars/scala-xml_2.11-1.0.5.jar
401acd4000-401acd6000 r--s 0000f000 fe:01 3022859                        /spark/jars/curator-client-2.7.1.jar
401acd6000-401acd8000 r--s 00002000 fe:01 3022817                        /spark/jars/aopalliance-repackaged-2.4.0-b34.jar
401acd8000-401acda000 r--s 0000d000 fe:01 3022887                        /spark/jars/hadoop-yarn-server-web-proxy-2.7.3.jar
401acda000-401acdf000 r--s 0002a000 fe:01 3022869                        /spark/jars/gson-2.2.4.jar
401acdf000-401ad16000 r--s 00325000 fe:01 3022835                        /spark/jars/calcite-core-1.2.0-incubating.jar
401ad16000-401ad18000 r--s 0001f000 fe:01 3022846                        /spark/jars/commons-crypto-1.0.0.jar
401ad18000-401ad19000 r--s 00004000 fe:01 3022906                        /spark/jars/jackson-jaxrs-1.9.13.jar
401ad19000-401ad21000 r--s 00066000 fe:01 3022818                        /spark/jars/apache-log4j-extras-1.2.17.jar
401ad21000-401ad23000 r--s 00007000 fe:01 3022974                        /spark/jars/paranamer-2.8.jar
401ad23000-401ad26000 r--s 00015000 fe:01 3022917                        /spark/jars/javax.servlet-api-3.1.0.jar
401ad26000-401ad28000 r--s 00007000 fe:01 3023031                        /spark/jars/zjsonpatch-0.3.0.jar
401ad28000-401ae00000 r--s 00d92000 fe:01 3022833                        /spark/jars/breeze_2.11-0.13.2.jar
401ae00000-401ae03000 r--s 00022000 fe:01 3023023                        /spark/jars/stringtemplate-3.2.1.jar
401ae03000-401ae0b000 r--s 00059000 fe:01 3022919                        /spark/jars/javolution-5.5.1.jar
401ae0b000-401ae0f000 r--s 00020000 fe:01 3022848                        /spark/jars/commons-digester-1.8.jar
401ae0f000-401ae1c000 r--s 00071000 fe:01 3022910                        /spark/jars/jackson-module-scala_2.11-2.6.7.1.jar
401ae1c000-401ae29000 r--s 00077000 fe:01 3023002                        /spark/jars/spark-kubernetes_2.11-2.4.5.jar
401ae29000-401ae2c000 r--s 00026000 fe:01 3022884                        /spark/jars/hadoop-yarn-client-2.7.3.jar
401ae2c000-401ae2e000 r--s 0000f000 fe:01 3022811                        /spark/jars/activation-1.1.1.jar
401ae2e000-401ae32000 r--s 00035000 fe:01 3022903                        /spark/jars/jackson-core-asl-1.9.13.jar
401ae32000-401ae38000 r--s 0004c000 fe:01 3022815                        /spark/jars/antlr4-runtime-4.7.jar
401aeaa000-401b0aa000 rw-p 00000000 00:00 0 
401b0aa000-401b2aa000 rw-p 00000000 00:00 0 
401b2aa000-401b2ae000 r--s 00059000 fe:01 3023510                        /usr/lib/jvm/java-1.8-openjdk/jre/lib/jsse.jar
401b2ae000-401b4ae000 rw-p 00000000 00:00 0 
401b569000-401b629000 rw-p 00000000 00:00 0 
401b629000-401b769000 ---p 00000000 00:00 0 
401b7a9000-401bba9000 rw-p 00000000 00:00 0 
ffffa775b000-ffffa8461000 rw-p 00000000 00:00 0 
ffffa8462000-ffffa846a000 rw-p 00000000 00:00 0 
ffffa846b000-ffffa8473000 rw-p 00000000 00:00 0 
ffffa8474000-ffffa847c000 rw-p 00000000 00:00 0 
ffffa847d000-ffffa848d000 rw-p 00000000 00:00 0 
ffffa848e000-ffffa8496000 rw-p 00000000 00:00 0 
ffffa8497000-ffffa84a7000 rw-p 00000000 00:00 0 
ffffa84a8000-ffffa84b8000 rw-p 00000000 00:00 0 
ffffa84b9000-ffffa84c1000 rw-p 00000000 00:00 0 
ffffa84c3000-ffffa84cb000 rw-p 00000000 00:00 0 
ffffa84cc000-ffffa84d4000 rw-p 00000000 00:00 0 
ffffa84d6000-ffffa84de000 rw-p 00000000 00:00 0 
ffffa84df000-ffffa84ef000 rw-p 00000000 00:00 0 
ffffa84f0000-ffffa84f8000 rw-p 00000000 00:00 0 
ffffa84f9000-ffffa8511000 rw-p 00000000 00:00 0 
ffffa8512000-ffffa852a000 rw-p 00000000 00:00 0 
ffffa852b000-ffffa8543000 rw-p 00000000 00:00 0 
ffffa8544000-ffffa854c000 rw-p 00000000 00:00 0 
ffffa854d000-ffffa855d000 rw-p 00000000 00:00 0 
ffffa855e000-ffffa8566000 rw-p 00000000 00:00 0 
ffffa8567000-ffffa8577000 rw-p 00000000 00:00 0 
ffffa8578000-ffffa8580000 rw-p 00000000 00:00 0 
ffffa8582000-ffffa8592000 rw-p 00000000 00:00 0 
ffffa8593000-ffffa859b000 rw-p 00000000 00:00 0 
ffffa859d000-ffffa85ad000 rw-p 00000000 00:00 0 
ffffa85af000-ffffa85bf000 rw-p 00000000 00:00 0 
ffffa85c0000-ffffa85c8000 rw-p 00000000 00:00 0 
ffffa85c9000-ffffa85d9000 rw-p 00000000 00:00 0 
ffffa85da000-ffffa85e2000 rw-p 00000000 00:00 0 
ffffa85e3000-ffffa85eb000 rw-p 00000000 00:00 0 
ffffa85ed000-ffffa85f5000 rw-p 00000000 00:00 0 
ffffa85f6000-ffffa8606000 rw-p 00000000 00:00 0 
ffffa8607000-ffffa860f000 rw-p 00000000 00:00 0 
ffffa8610000-ffffa8618000 rw-p 00000000 00:00 0 
ffffa8619000-ffffa8621000 rw-p 00000000 00:00 0 
ffffa8622000-ffffa862a000 rw-p 00000000 00:00 0 
ffffa862b000-ffffa8633000 rw-p 00000000 00:00 0 
ffffa8634000-ffffa863c000 rw-p 00000000 00:00 0 
ffffa863d000-ffffa864d000 rw-p 00000000 00:00 0 
ffffa864e000-ffffa87a6000 rw-p 00000000 00:00 0 
ffffa87a7000-ffffa87bf000 rw-p 00000000 00:00 0 
ffffa87c0000-ffffa87d0000 rw-p 00000000 00:00 0 
ffffa87d1000-ffffa87e1000 rw-p 00000000 00:00 0 
ffffa87e2000-ffffa87f2000 rw-p 00000000 00:00 0 
ffffa87f3000-ffffa8803000 rw-p 00000000 00:00 0 
ffffa8804000-ffffa8814000 rw-p 00000000 00:00 0 
ffffa8815000-ffffa8825000 rw-p 00000000 00:00 0 
ffffa8826000-ffffa8836000 rw-p 00000000 00:00 0 
ffffa8837000-ffffa88c5000 rw-p 00000000 00:00 0 
ffffa88c5000-ffffa88c7000 ---p 00000000 00:00 0 
ffffa88c7000-ffffa8bb6000 rw-p 00000000 00:00 0 
ffffa8bb6000-ffffa8bb8000 ---p 00000000 00:00 0 
ffffa8bb8000-ffffa8cb7000 rw-p 00000000 00:00 0 
ffffa8cb7000-ffffa8cb9000 ---p 00000000 00:00 0 
ffffa8cb9000-ffffa8d32000 rw-p 00000000 00:00 0 
ffffa8d32000-ffffa8d34000 ---p 00000000 00:00 0 
ffffa8d34000-ffffa8d75000 rw-p 00000000 00:00 0 
ffffa8d75000-ffffa8d77000 ---p 00000000 00:00 0 
ffffa8d77000-ffffa8de5000 rw-p 00000000 00:00 0 
ffffa8de5000-ffffa8de7000 ---p 00000000 00:00 0 
ffffa8de7000-ffffa8eb3000 rw-p 00000000 00:00 0 
ffffa8eb3000-ffffa8eb5000 ---p 00000000 00:00 0 
ffffa8eb5000-ffffa8f2c000 rw-p 00000000 00:00 0 
ffffa8f2c000-ffffa8f2e000 ---p 00000000 00:00 0 
ffffa8f2e000-ffffa8fc6000 rw-p 00000000 00:00 0 
ffffa8fc6000-ffffa8fc8000 ---p 00000000 00:00 0 
ffffa8fc8000-ffffa9955000 rw-p 00000000 00:00 0 
ffffa9955000-ffffa9957000 ---p 00000000 00:00 0 
ffffa9957000-ffffa999f000 rw-p 00000000 00:00 0 
ffffa999f000-ffffa99a1000 ---p 00000000 00:00 0 
ffffa99a1000-ffffa99f8000 rw-p 00000000 00:00 0 
ffffa99f8000-ffffa99fa000 ---p 00000000 00:00 0 
ffffa99fa000-ffffa9a46000 rw-p 00000000 00:00 0 
ffffa9a46000-ffffa9a48000 ---p 00000000 00:00 0 
ffffa9a48000-ffffaa3b7000 rw-p 00000000 00:00 0 
ffffaa3b7000-ffffaa3b9000 ---p 00000000 00:00 0 
ffffaa3b9000-ffffaa4f6000 rw-p 00000000 00:00 0 
ffffaa4f6000-ffffb24f5000 rwxp 00000000 00:00 0 
ffffb24f5000-ffffb24f6000 ---p 00000000 00:00 0 
ffffb24f6000-ffffb2621000 rw-p 00000000 00:00 0 
ffffb2621000-ffffb2623000 ---p 00000000 00:00 0 
ffffb2623000-ffffb2646000 rw-p 00000000 00:00 0 
ffffb2646000-ffffb2648000 r--p 00000000 00:00 0                          [vvar]
ffffb2648000-ffffb2649000 r-xp 00000000 00:00 0                          [vdso]
ffffe1b14000-ffffe1b35000 rw-p 00000000 00:00 0                          [stack]

VM Arguments:
jvm_args: -Xmx1g 
java_command: org.apache.spark.deploy.SparkSubmit --master spark://spark-master:7077 --class processing.StreamingRealTimePriceUpdates --jars sparkConsumer/sparkconsumer_2.11-1.0-RELEASE.jar --packages com.datastax.spark:spark-cassandra-connector_2.11:2.4.3,org.apache.spark:spark-sql-kafka-0-10_2.11:2.4.5 sparkConsumer/sparkconsumer_2.11-1.0-RELEASE.jar
java_class_path (initial): /spark/conf/:/spark/jars/hadoop-common-2.7.3.jar:/spark/jars/api-util-1.0.0-M20.jar:/spark/jars/spark-network-common_2.11-2.4.5.jar:/spark/jars/hadoop-mapreduce-client-jobclient-2.7.3.jar:/spark/jars/libthrift-0.9.3.jar:/spark/jars/spark-streaming_2.11-2.4.5.jar:/spark/jars/jackson-module-jaxb-annotations-2.6.7.jar:/spark/jars/json4s-scalap_2.11-3.5.3.jar:/spark/jars/hadoop-auth-2.7.3.jar:/spark/jars/hive-jdbc-1.2.1.spark2.jar:/spark/jars/hive-metastore-1.2.1.spark2.jar:/spark/jars/spark-hive-thriftserver_2.11-2.4.5.jar:/spark/jars/jpam-1.1.jar:/spark/jars/spark-network-shuffle_2.11-2.4.5.jar:/spark/jars/jackson-mapper-asl-1.9.13.jar:/spark/jars/jackson-databind-2.6.7.3.jar:/spark/jars/scala-parser-combinators_2.11-1.1.0.jar:/spark/jars/aircompressor-0.10.jar:/spark/jars/javax.annotation-api-1.2.jar:/spark/jars/calcite-linq4j-1.2.0-incubating.jar:/spark/jars/commons-compress-1.8.1.jar:/spark/jars/snappy-java-1.1.7.3.jar:/spark/jars/log4j-1.2.17.jar:/spark/jars/eigenbase-properties-1.1.5.jar:/spark/jars/spark-kvstore_2.11-2.4.5.jar:/spark/jars/spark-mllib-local_2.11-2.4.5.jar:/spark/jars/stax-api-1.0-2.jar:/spark/jars/pyrolite-4.13.jar:/spark/jars/parquet-jackson-1.10.1.jar:/spark/jars/aopalliance-1.0.jar:/spark/jars/spark-core_2.11-2.4.5.jar:/spark/jars/commons-pool-1.5.4.jar:/spark/jars/super-csv-2.2.0.jar:/spark/jars/jul-to-slf4j-1.7.16.jar:/spark/jars/commons-configuration-1.6.jar:/spark/jars/jackson-dataformat-yaml-2.6.7.jar:/spark/jars/jersey-common-2.22.2.jar:/spark/jars/jackson-xc-1.9.13.jar:/spark/jars/generex-1.0.2.jar:/spark/jars/calcite-avatica-1.2.0-incubating.jar:/spark/jars/zstd-jni-1.3.2-2.jar:/spark/jars/datanucleus-rdbms-3.2.9.jar:/spark/jars/osgi-resource-locator-1.0.1.jar:/spark/jars/json4s-core_2.11-3.5.3.jar:/spark/jars/hk2-utils-2.4.0-b34.jar:/spark/jars/janino-3.0.9.jar:/spark/jars/curator-recipes-2.7.1.jar:/spark/jars/avro-1.8.2.jar:/spark/jars/validation-api-1.1.0.Final.jar:/spark/jars/commons-compiler-3.0.9.jar:
Launcher Type: SUN_STANDARD

Environment Variables:
PATH=/usr/local/sbin:/usr/local/bin:/usr/sbin:/usr/bin:/sbin:/bin
LD_LIBRARY_PATH=/usr/lib/jvm/java-1.8-openjdk/jre/lib/amd64/server:/usr/lib/jvm/java-1.8-openjdk/jre/lib/amd64:/usr/lib/jvm/java-1.8-openjdk/jre/../lib/amd64

Signal Handlers:
SIGSEGV: [libjvm.so+0x5f41ac], sa_mask[0]=11111111111111111111111111111110, sa_flags=SA_RESTART|SA_SIGINFO
SIGBUS: [libjvm.so+0x5f41ac], sa_mask[0]=11111111111111111111111111111110, sa_flags=SA_RESTART|SA_SIGINFO
SIGFPE: [libjvm.so+0x52f5bb], sa_mask[0]=11111111111111111111111111111110, sa_flags=SA_RESTART|SA_SIGINFO
SIGPIPE: [libjvm.so+0x52f5bb], sa_mask[0]=11111111111111111111111111111110, sa_flags=SA_RESTART|SA_SIGINFO
SIGXFSZ: [libjvm.so+0x52f5bb], sa_mask[0]=11111111111111111111111111111110, sa_flags=SA_RESTART|SA_SIGINFO
SIGILL: [libjvm.so+0x52f5bb], sa_mask[0]=11111111111111111111111111111110, sa_flags=SA_RESTART|SA_SIGINFO
SIGUSR1: SIG_DFL, sa_mask[0]=00000000000000000000000000000000, sa_flags=none
SIGUSR2: [libjvm.so+0x52f761], sa_mask[0]=00000000000000000000000000000000, sa_flags=SA_RESTART|SA_SIGINFO
SIGHUP: [libjvm.so+0x53178d], sa_mask[0]=11111111111111111111111111111110, sa_flags=SA_RESTART|SA_SIGINFO
SIGINT: [libjvm.so+0x53178d], sa_mask[0]=11111111111111111111111111111110, sa_flags=SA_RESTART|SA_SIGINFO
SIGTERM: [libjvm.so+0x53178d], sa_mask[0]=11111111111111111111111111111110, sa_flags=SA_RESTART|SA_SIGINFO
SIGQUIT: [libjvm.so+0x53178d], sa_mask[0]=11111111111111111111111111111110, sa_flags=SA_RESTART|SA_SIGINFO


---------------  S Y S T E M  ---------------

OS:NAME="Alpine Linux"
ID=alpine
VERSION_ID=3.10.4
PRETTY_NAME="Alpine Linux v3.10"
HOME_URL="https://alpinelinux.org/"
BUG_REPORT_URL="https://bugs.alpinelinux.org/"

uname:Linux 5.15.49-linuxkit #1 SMP PREEMPT Tue Sep 13 07:51:32 UTC 2022 x86_64
libc:glibc 2.9 NPTL 
rlimit: STACK 8192k, CORE 0k, NPROC infinity, NOFILE 1048576, AS infinity
load average:2.23 3.20 3.55

/proc/meminfo:
MemTotal:        8040056 kB
MemFree:         1568660 kB
MemAvailable:    1828200 kB
Buffers:           22188 kB
Cached:           436792 kB
SwapCached:        11588 kB
Active:           445264 kB
Inactive:        5749548 kB
Active(anon):     264800 kB
Inactive(anon):  5573276 kB
Active(file):     180464 kB
Inactive(file):   176272 kB
Unevictable:           0 kB
Mlocked:               0 kB
SwapTotal:       1048572 kB
SwapFree:         162868 kB
Dirty:               368 kB
Writeback:             0 kB
AnonPages:       5701836 kB
Mapped:           160856 kB
Shmem:            102688 kB
KReclaimable:      98412 kB
Slab:             161172 kB
SReclaimable:      98412 kB
SUnreclaim:        62760 kB
KernelStack:       16592 kB
PageTables:        23568 kB
NFS_Unstable:          0 kB
Bounce:                0 kB
WritebackTmp:          0 kB
CommitLimit:     5068600 kB
Committed_AS:   15421056 kB
VmallocTotal:   133143592960 kB
VmallocUsed:       22060 kB
VmallocChunk:          0 kB
Percpu:             2624 kB
AnonHugePages:    614400 kB
ShmemHugePages:        0 kB
ShmemPmdMapped:        0 kB
FileHugePages:         0 kB
FilePmdMapped:         0 kB
HugePages_Total:       0
HugePages_Free:        0
HugePages_Rsvd:        0
HugePages_Surp:        0
Hugepagesize:       2048 kB
Hugetlb:               0 kB


CPU:total 4 (initial active 4) (1 cores per cpu, 1 threads per core) family 15 model 107 stepping 1, cmov, cx8, fxsr, mmx, sse, sse2, sse3, ssse3, sse4.1, sse4.2, popcnt, aes, clmul, erms, mmxext, 3dnowpref, lzcnt, tsc, bmi1

/proc/cpuinfo:
processor	: 0
BogoMIPS	: 48.00
Features	: fp asimd evtstrm aes pmull sha1 sha2 crc32 atomics fphp asimdhp cpuid asimdrdm jscvt fcma lrcpc dcpop sha3 asimddp sha512 asimdfhm dit uscat ilrcpc flagm ssbs sb paca pacg dcpodp flagm2 frint
CPU implementer	: 0x00
CPU architecture: 8
CPU variant	: 0x0
CPU part	: 0x000
CPU revision	: 0

processor	: 1
BogoMIPS	: 48.00
Features	: fp asimd evtstrm aes pmull sha1 sha2 crc32 atomics fphp asimdhp cpuid asimdrdm jscvt fcma lrcpc dcpop sha3 asimddp sha512 asimdfhm dit uscat ilrcpc flagm ssbs sb paca pacg dcpodp flagm2 frint
CPU implementer	: 0x00
CPU architecture: 8
CPU variant	: 0x0
CPU part	: 0x000
CPU revision	: 0

processor	: 2
BogoMIPS	: 48.00
Features	: fp asimd evtstrm aes pmull sha1 sha2 crc32 atomics fphp asimdhp cpuid asimdrdm jscvt fcma lrcpc dcpop sha3 asimddp sha512 asimdfhm dit uscat ilrcpc flagm ssbs sb paca pacg dcpodp flagm2 frint
CPU implementer	: 0x00
CPU architecture: 8
CPU variant	: 0x0
CPU part	: 0x000
CPU revision	: 0

processor	: 3
BogoMIPS	: 48.00
Features	: fp asimd evtstrm aes pmull sha1 sha2 crc32 atomics fphp asimdhp cpuid asimdrdm jscvt fcma lrcpc dcpop sha3 asimddp sha512 asimdfhm dit uscat ilrcpc flagm ssbs sb paca pacg dcpodp flagm2 frint
CPU implementer	: 0x00
CPU architecture: 8
CPU variant	: 0x0
CPU part	: 0x000
CPU revision	: 0



Memory: 4k page, physical 8040056k(1568660k free), swap 1048572k(162868k free)

vm_info: OpenJDK 64-Bit Server VM (25.242-b08) for linux-amd64 JRE (1.8.0_242-b08), built on Jan 29 2020 11:05:47 by "buildozer" with gcc 8.3.0

time: Thu Mar 30 22:04:17 2023
timezone: UTC
elapsed time: 1778 seconds (0d 0h 29m 38s)

